<?xml version='1.0' encoding='UTF-8'?>
<testsuite hostname="sams-work" name="com.springer.link.shared.xml.VtdNodeSeqTest" tests="20" errors="0" failures="0" skipped="0" time="2.503" timestamp="2021-06-01T09:21:47">
                     <properties>
[...]
</properties>
                     <testcase classname="com.springer.link.shared.xml.VtdNodeSeqTest" name="use via pool works in a pool" time="2.439">
                                                 
                                               </testcase><testcase classname="com.springer.link.shared.xml.VtdNodeSeqTest" name="use via pool should release the pool resources when failing to parse an invalid XML" time="0.035">
                                                 
                                               </testcase><testcase classname="com.springer.link.shared.xml.VtdNodeSeqTest" name="should get attribute" time="0.002">
                                                 
                                               </testcase><testcase classname="com.springer.link.shared.xml.VtdNodeSeqTest" name="should work work with A++'s Abstract" time="0.007">
                                                 
                                               </testcase><testcase classname="com.springer.link.shared.xml.VtdNodeSeqTest" name="should get children" time="0.002">
                                                 
                                               </testcase><testcase classname="com.springer.link.shared.xml.VtdNodeSeqTest" name="sanitize title bug - use of label in map truncates nodeseq" time="0.007">
                                                 
                                               </testcase><testcase classname="com.springer.link.shared.xml.VtdNodeSeqTest" name="should get attribute using \@" time="0.0">
                                                 
                                               </testcase><testcase classname="com.springer.link.shared.xml.VtdNodeSeqTest" name="keywords bug - * text matches elems. Use nav.getTokenType(nextLoc) instead" time="0.002">
                                                 
                                               </testcase><testcase classname="com.springer.link.shared.xml.VtdNodeSeqTest" name="should get label" time="0.0">
                                                 
                                               </testcase><testcase classname="com.springer.link.shared.xml.VtdNodeSeqTest" name="elems should behave like queries" time="0.003">
                                                 
                                               </testcase><testcase classname="com.springer.link.shared.xml.VtdNodeSeqTest" name="// gets content at different levels" time="0.001">
                                                 
                                               </testcase><testcase classname="com.springer.link.shared.xml.VtdNodeSeqTest" name="handles and ignores namespaces" time="0.0">
                                                 
                                               </testcase><testcase classname="com.springer.link.shared.xml.VtdNodeSeqTest" name="handle processing instructions" time="0.002">
                                                 
                                               </testcase><testcase classname="com.springer.link.shared.xml.VtdNodeSeqTest" name="should return text of nodeseq and each node" time="0.001">
                                                 
                                               </testcase><testcase classname="com.springer.link.shared.xml.VtdNodeSeqTest" name="supports xpath functions" time="0.001">
                                                 
                                               </testcase><testcase classname="com.springer.link.shared.xml.VtdNodeSeqTest" name="supports xpath in between \'s" time="0.001">
                                                 
                                               </testcase><testcase classname="com.springer.link.shared.xml.VtdNodeSeqTest" name="payload provides byte array containing the xml element and all its content, including text and other sub-elements" time="0.0">
                                                 
                                               </testcase><testcase classname="com.springer.link.shared.xml.VtdNodeSeqTest" name="payload provides byte array containing selected sub-element" time="0.0">
                                                 
                                               </testcase><testcase classname="com.springer.link.shared.xml.VtdNodeSeqTest" name="payload provides empty byte array when no element is selected" time="0.0">
                                                 
                                               </testcase><testcase classname="com.springer.link.shared.xml.VtdNodeSeqTest" name="payload provides byte array for the first element if more than one is selected" time="0.0">
                                                 
                                               </testcase>
                     <system-out><![CDATA[]]></system-out>
                     <system-err><![CDATA[]]></system-err>
                   </testsuite>